
========================[ May 15, 2012 11:43 AM ]========================
Version 2.2.24 [Aug-08-2010]
Started database file "../data/rdp_download_37281seqs.fa"
Formatted 37281 sequences in volume 0
SUCCESS: formatted database ../data/firmicutesdb

========================[ May 15, 2012 11:44 AM ]========================
Version 2.2.24 [Aug-08-2010]
Started database file "../data/rdp_download_37281seqs.fa"
Formatted 37281 sequences in volume 0
SUCCESS: formatted database ../data/firmicutesdb

========================[ May 30, 2012 12:43 PM ]========================
Version 2.2.24 [Aug-08-2010]
Started database file "../data/rdp_download_37281seqs.fa"
Formatted 37281 sequences in volume 0
SUCCESS: formatted database ../result/firmicutesdb

========================[ May 30, 2012 12:44 PM ]========================
Version 2.2.24 [Aug-08-2010]
Started database file "../data/rdp_download_37281seqs.fa"
Formatted 37281 sequences in volume 0
SUCCESS: formatted database ../data/firmicutesdb

========================[ May 30, 2012 12:47 PM ]========================
Version 2.2.24 [Aug-08-2010]
Started database file "../data/rdp_download_37281seqs.fa"
Formatted 37281 sequences in volume 0
SUCCESS: formatted database ../data/firmicutesdb

========================[ May 30, 2012  1:00 PM ]========================
Version 2.2.24 [Aug-08-2010]
Started database file "../data/rdp_download_37281seqs.fa"
Formatted 37281 sequences in volume 0
SUCCESS: formatted database ../data/firmicutesdb

========================[ May 30, 2012  1:27 PM ]========================
Version 2.2.24 [Aug-08-2010]
Started database file "../data/rdp_download_37281seqs.fa"
Formatted 37281 sequences in volume 0
SUCCESS: formatted database firmicutesdb.

========================[ May 30, 2012  1:28 PM ]========================
Version 2.2.24 [Aug-08-2010]
Started database file "../data/rdp_download_37281seqs.fa"
Formatted 37281 sequences in volume 0
SUCCESS: formatted database firmicutesdb.fa

========================[ May 30, 2012  1:28 PM ]========================
Version 2.2.24 [Aug-08-2010]
Started database file "../data/rdp_download_37281seqs.fa.100"
Formatted 37279 sequences in volume 0
SUCCESS: formatted database firmicutesdb.100

========================[ May 30, 2012  1:29 PM ]========================
Version 2.2.24 [Aug-08-2010]
Started database file "../data/rdp_download_37281seqs.fa.90"
Formatted 36832 sequences in volume 0
SUCCESS: formatted database firmicutesdb.90

========================[ May 30, 2012  1:29 PM ]========================
Version 2.2.24 [Aug-08-2010]
Started database file "../data/rdp_download_37281seqs.fa.91"
Formatted 37014 sequences in volume 0
SUCCESS: formatted database firmicutesdb.91

========================[ May 30, 2012  1:30 PM ]========================
Version 2.2.24 [Aug-08-2010]
Started database file "../data/rdp_download_37281seqs.fa.92"
Formatted 37194 sequences in volume 0
SUCCESS: formatted database firmicutesdb.92

========================[ May 30, 2012  1:34 PM ]========================
Version 2.2.24 [Aug-08-2010]
Started database file "../data/rdp_download_37281seqs.fa"
Formatted 37281 sequences in volume 0
SUCCESS: formatted database ../result/firmicutesdb.fa

========================[ May 30, 2012  1:35 PM ]========================
Version 2.2.24 [Aug-08-2010]
Started database file "../data/rdp_download_37281seqs.fa.100"
Formatted 37279 sequences in volume 0
SUCCESS: formatted database ../result/firmicutesdb.100

========================[ May 30, 2012  1:35 PM ]========================
Version 2.2.24 [Aug-08-2010]
Started database file "../data/rdp_download_37281seqs.fa.90"
Formatted 36832 sequences in volume 0
SUCCESS: formatted database ../result/firmicutesdb.90

========================[ May 30, 2012  1:35 PM ]========================
Version 2.2.24 [Aug-08-2010]
Started database file "../data/rdp_download_37281seqs.fa.91"
Formatted 37014 sequences in volume 0
SUCCESS: formatted database ../result/firmicutesdb.91

========================[ May 30, 2012  1:36 PM ]========================
Version 2.2.24 [Aug-08-2010]
Started database file "../data/rdp_download_37281seqs.fa.92"
Formatted 37194 sequences in volume 0
SUCCESS: formatted database ../result/firmicutesdb.92

========================[ May 30, 2012  1:36 PM ]========================
Version 2.2.24 [Aug-08-2010]
Started database file "../data/rdp_download_37281seqs.fa.93"
Formatted 37248 sequences in volume 0
SUCCESS: formatted database ../result/firmicutesdb.93

========================[ May 30, 2012  1:36 PM ]========================
Version 2.2.24 [Aug-08-2010]
Started database file "../data/rdp_download_37281seqs.fa.94"
Formatted 37270 sequences in volume 0
SUCCESS: formatted database ../result/firmicutesdb.94

========================[ May 30, 2012  1:37 PM ]========================
Version 2.2.24 [Aug-08-2010]
Started database file "../data/rdp_download_37281seqs.fa.95"
Formatted 37274 sequences in volume 0
SUCCESS: formatted database ../result/firmicutesdb.95

========================[ May 30, 2012  1:37 PM ]========================
Version 2.2.24 [Aug-08-2010]
Started database file "../data/rdp_download_37281seqs.fa.96"
Formatted 37274 sequences in volume 0
SUCCESS: formatted database ../result/firmicutesdb.96

========================[ May 30, 2012  1:38 PM ]========================
Version 2.2.24 [Aug-08-2010]
Started database file "../data/rdp_download_37281seqs.fa.97"
Formatted 37275 sequences in volume 0
SUCCESS: formatted database ../result/firmicutesdb.97

========================[ May 30, 2012  1:38 PM ]========================
Version 2.2.24 [Aug-08-2010]
Started database file "../data/rdp_download_37281seqs.fa.98"
Formatted 37275 sequences in volume 0
SUCCESS: formatted database ../result/firmicutesdb.98

========================[ May 30, 2012  1:38 PM ]========================
Version 2.2.24 [Aug-08-2010]
Started database file "../data/rdp_download_37281seqs.fa.99"
Formatted 37276 sequences in volume 0
SUCCESS: formatted database ../result/firmicutesdb.99
